<?xml version="1.0" encoding="UTF-8"?>
<!-- Generated by org.testng.reporters.JUnitXMLReporter -->
<testsuite ignored="0" hostname="COL-LT-231114C" failures="0" tests="2" name="Default test" time="29.296" errors="0" timestamp="2024-04-17T12:46:38 COT">
  <testcase classname="com.amazon.testclases.AmazonTests" name="searchProductByButton" time="13.222"/>
  <testcase classname="com.amazon.testclases.AmazonTests" name="searchProductBySuggestion" time="15.295"/>
</testsuite> <!-- Default test -->
