<?xml version="1.0" encoding="UTF-8"?>
<!-- Generated by org.testng.reporters.JUnitXMLReporter -->
<testsuite ignored="0" hostname="COL-LT-231114C" failures="0" tests="2" name="Default test" time="26.106" errors="0" timestamp="2024-04-10T11:58:07 COT">
  <testcase classname="com.amazon.testclases.AmazonTests" name="searchProductByButton" time="10.648"/>
  <testcase classname="com.amazon.testclases.AmazonTests" name="searchProductBySuggestion" time="14.812"/>
</testsuite> <!-- Default test -->
