<?xml version="1.0" encoding="UTF-8"?>
<testng-results ignored="0" total="2" passed="2" failed="0" skipped="0">
  <reporter-output>
  </reporter-output>
  <suite started-at="2024-04-17T12:46:09 COT" name="Default suite" finished-at="2024-04-17T12:46:38 COT" duration-ms="29296">
    <groups>
    </groups>
    <test started-at="2024-04-17T12:46:09 COT" name="Default test" finished-at="2024-04-17T12:46:38 COT" duration-ms="29296">
      <class name="com.amazon.testclases.AmazonTests">
        <test-method signature="searchProductByButton()[pri:0, instance:com.amazon.testclases.AmazonTests@6d5620ce]" started-at="2024-04-17T12:46:09 COT" name="searchProductByButton" finished-at="2024-04-17T12:46:22 COT" duration-ms="13222" status="PASS">
          <reporter-output>
          </reporter-output>
        </test-method> <!-- searchProductByButton -->
        <test-method is-config="true" signature="flushReports()[pri:0, instance:com.amazon.testclases.AmazonTests@6d5620ce]" started-at="2024-04-17T12:46:22 COT" name="flushReports" finished-at="2024-04-17T12:46:22 COT" duration-ms="556" status="PASS">
          <reporter-output>
          </reporter-output>
        </test-method> <!-- flushReports -->
        <test-method signature="searchProductBySuggestion()[pri:0, instance:com.amazon.testclases.AmazonTests@6d5620ce]" started-at="2024-04-17T12:46:23 COT" name="searchProductBySuggestion" finished-at="2024-04-17T12:46:38 COT" duration-ms="15295" status="PASS">
          <reporter-output>
          </reporter-output>
        </test-method> <!-- searchProductBySuggestion -->
        <test-method is-config="true" signature="flushReports()[pri:0, instance:com.amazon.testclases.AmazonTests@6d5620ce]" started-at="2024-04-17T12:46:38 COT" name="flushReports" finished-at="2024-04-17T12:46:38 COT" duration-ms="181" status="PASS">
          <reporter-output>
          </reporter-output>
        </test-method> <!-- flushReports -->
      </class> <!-- com.amazon.testclases.AmazonTests -->
    </test> <!-- Default test -->
  </suite> <!-- Default suite -->
</testng-results>
