<?xml version="1.0" encoding="UTF-8"?>
<testng-results ignored="0" total="2" passed="2" failed="0" skipped="0">
  <reporter-output>
  </reporter-output>
  <suite started-at="2024-04-10T11:57:41 COT" name="Default suite" finished-at="2024-04-10T11:58:07 COT" duration-ms="26106">
    <groups>
    </groups>
    <test started-at="2024-04-10T11:57:41 COT" name="Default test" finished-at="2024-04-10T11:58:07 COT" duration-ms="26106">
      <class name="com.amazon.testclases.AmazonTests">
        <test-method signature="searchProductByButton()[pri:0, instance:com.amazon.testclases.AmazonTests@31c7528f]" started-at="2024-04-10T11:57:41 COT" name="searchProductByButton" finished-at="2024-04-10T11:57:51 COT" duration-ms="10648" status="PASS">
          <reporter-output>
          </reporter-output>
        </test-method> <!-- searchProductByButton -->
        <test-method is-config="true" signature="flushReports()[pri:0, instance:com.amazon.testclases.AmazonTests@31c7528f]" started-at="2024-04-10T11:57:51 COT" name="flushReports" finished-at="2024-04-10T11:57:52 COT" duration-ms="386" status="PASS">
          <reporter-output>
          </reporter-output>
        </test-method> <!-- flushReports -->
        <test-method signature="searchProductBySuggestion()[pri:0, instance:com.amazon.testclases.AmazonTests@31c7528f]" started-at="2024-04-10T11:57:52 COT" name="searchProductBySuggestion" finished-at="2024-04-10T11:58:06 COT" duration-ms="14812" status="PASS">
          <reporter-output>
          </reporter-output>
        </test-method> <!-- searchProductBySuggestion -->
        <test-method is-config="true" signature="flushReports()[pri:0, instance:com.amazon.testclases.AmazonTests@31c7528f]" started-at="2024-04-10T11:58:06 COT" name="flushReports" finished-at="2024-04-10T11:58:07 COT" duration-ms="220" status="PASS">
          <reporter-output>
          </reporter-output>
        </test-method> <!-- flushReports -->
      </class> <!-- com.amazon.testclases.AmazonTests -->
    </test> <!-- Default test -->
  </suite> <!-- Default suite -->
</testng-results>
